2025-04-20 21:37:34 - vlc-api - INFO - Starting in development mode
2025-04-20 21:37:34 - vlc-api - INFO - Debug mode is enabled
2025-04-20 21:37:34 - vlc-api - INFO - Starting in development mode
2025-04-20 21:37:34 - vlc-api - INFO - Debug mode is enabled
2025-04-20 21:37:34 - vlc-api - INFO - Starting VLC Player Control API on 0.0.0.0:8000
2025-04-20 21:37:34 - vlc-api - INFO - Default VLC command: /Applications/VLC.app/Contents/MacOS/VLC --intf dummy --no-osd --fullscreen --loop --no-video-title-show --no-sub-autodetect-file --quiet --drop-late-frames --skip-frames
2025-04-20 21:37:35 - uvicorn.error - INFO - Started server process [3020]
2025-04-20 21:37:35 - uvicorn.error - INFO - Waiting for application startup.
2025-04-20 21:37:35 - uvicorn.error - INFO - Application startup complete.
2025-04-20 21:37:35 - uvicorn.error - INFO - Uvicorn running on http://0.0.0.0:8000 (Press CTRL+C to quit)
2025-04-20 21:37:51 - uvicorn.error - INFO - Shutting down
2025-04-20 21:37:51 - uvicorn.error - INFO - Waiting for application shutdown.
2025-04-20 21:37:51 - uvicorn.error - INFO - Application shutdown complete.
2025-04-20 21:37:51 - uvicorn.error - INFO - Finished server process [3020]
2025-04-20 21:38:02 - vlc-api - INFO - Starting in development mode
2025-04-20 21:38:02 - vlc-api - INFO - Debug mode is enabled
2025-04-20 21:38:02 - vlc-api - INFO - Starting in development mode
2025-04-20 21:38:02 - vlc-api - INFO - Debug mode is enabled
2025-04-20 21:38:02 - vlc-api - INFO - Starting VLC Player Control API on 0.0.0.0:8000
2025-04-20 21:38:02 - vlc-api - INFO - Default VLC command: /Applications/VLC.app/Contents/MacOS/VLC --intf dummy --no-osd --fullscreen --loop --no-video-title-show --no-sub-autodetect-file --quiet --drop-late-frames --skip-frames
2025-04-20 21:38:02 - uvicorn.error - INFO - Started server process [3757]
2025-04-20 21:38:02 - uvicorn.error - INFO - Waiting for application startup.
2025-04-20 21:38:02 - uvicorn.error - INFO - Application startup complete.
2025-04-20 21:38:02 - uvicorn.error - INFO - Uvicorn running on http://0.0.0.0:8000 (Press CTRL+C to quit)
2025-04-20 21:38:19 - vlc-api - ERROR - Video file not found: /home/jinx/video.mp4
2025-04-20 21:38:19 - vlc-api - ERROR - Video file not found: Video file not found: /home/jinx/video.mp4
2025-04-20 21:39:32 - vlc-api - DEBUG - Built VLC command: /Applications/VLC.app/Contents/MacOS/VLC --intf dummy --no-osd --fullscreen --loop --no-video-title-show --no-sub-autodetect-file --quiet --drop-late-frames --skip-frames /Users/rlong/Sandbox/slingshot/test.mp4
2025-04-20 21:39:32 - vlc-api - INFO - Starting VLC with command: /Applications/VLC.app/Contents/MacOS/VLC --intf dummy --no-osd --fullscreen --loop --no-video-title-show --no-sub-autodetect-file --quiet --drop-late-frames --skip-frames /Users/rlong/Sandbox/slingshot/test.mp4
2025-04-20 21:39:32 - vlc-api - INFO - VLC process started with PID 6122
2025-04-20 21:39:32 - vlc-api - INFO - Starting to monitor VLC process with PID 6122
2025-04-20 21:39:58 - vlc-api - INFO - Stopping VLC process with PID 6122
2025-04-20 21:39:58 - vlc-api - INFO - VLC process exited with code -15
2025-04-20 21:39:58 - vlc-api - INFO - VLC process stopped
2025-04-20 21:40:05 - vlc-api - DEBUG - Built VLC command: /Applications/VLC.app/Contents/MacOS/VLC --intf dummy --no-osd --fullscreen --loop --no-video-title-show --no-sub-autodetect-file --quiet --drop-late-frames --skip-frames /Users/rlong/Sandbox/slingshot/test.mp4
2025-04-20 21:40:05 - vlc-api - INFO - Starting VLC with command: /Applications/VLC.app/Contents/MacOS/VLC --intf dummy --no-osd --fullscreen --loop --no-video-title-show --no-sub-autodetect-file --quiet --drop-late-frames --skip-frames /Users/rlong/Sandbox/slingshot/test.mp4
2025-04-20 21:40:05 - vlc-api - INFO - VLC process started with PID 7026
2025-04-20 21:40:05 - vlc-api - INFO - Starting to monitor VLC process with PID 7026
2025-04-20 21:40:07 - vlc-api - INFO - Stopping VLC process with PID 7026
2025-04-20 21:40:07 - vlc-api - INFO - VLC process exited with code -15
2025-04-20 21:40:07 - vlc-api - INFO - VLC process stopped
2025-04-20 21:40:07 - vlc-api - DEBUG - Built VLC command: /Applications/VLC.app/Contents/MacOS/VLC --intf dummy --no-osd --fullscreen --loop --no-video-title-show --no-sub-autodetect-file --quiet --drop-late-frames --skip-frames /Users/rlong/Sandbox/slingshot/test.mp4
2025-04-20 21:40:07 - vlc-api - INFO - Starting VLC with command: /Applications/VLC.app/Contents/MacOS/VLC --intf dummy --no-osd --fullscreen --loop --no-video-title-show --no-sub-autodetect-file --quiet --drop-late-frames --skip-frames /Users/rlong/Sandbox/slingshot/test.mp4
2025-04-20 21:40:07 - vlc-api - INFO - VLC process started with PID 7074
2025-04-20 21:40:07 - vlc-api - INFO - Starting to monitor VLC process with PID 7074
2025-04-20 21:40:13 - vlc-api - INFO - Stopping VLC process with PID 7074
2025-04-20 21:40:13 - vlc-api - INFO - VLC process exited with code -15
2025-04-20 21:40:13 - vlc-api - INFO - VLC process stopped
2025-04-20 21:40:14 - uvicorn.error - INFO - Shutting down
2025-04-20 21:40:14 - uvicorn.error - INFO - Waiting for application shutdown.
2025-04-20 21:40:14 - uvicorn.error - INFO - Application shutdown complete.
2025-04-20 21:40:14 - uvicorn.error - INFO - Finished server process [3757]
2025-04-21 19:59:42 - vlc-api - INFO - Starting in development mode
2025-04-21 19:59:42 - vlc-api - INFO - Debug mode is enabled
2025-04-21 19:59:42 - vlc-api - INFO - Starting in development mode
2025-04-21 19:59:42 - vlc-api - INFO - Debug mode is enabled
2025-04-21 19:59:42 - vlc-api - INFO - Starting VLC Player Control API on 0.0.0.0:8000
2025-04-21 19:59:42 - vlc-api - INFO - Default VLC command: /Applications/VLC.app/Contents/MacOS/VLC --intf dummy --no-osd --fullscreen --loop --no-video-title-show --no-sub-autodetect-file --quiet --drop-late-frames --skip-frames
2025-04-21 19:59:42 - uvicorn.error - INFO - Started server process [50863]
2025-04-21 19:59:42 - uvicorn.error - INFO - Waiting for application startup.
2025-04-21 19:59:42 - uvicorn.error - INFO - Application startup complete.
2025-04-21 19:59:42 - uvicorn.error - INFO - Uvicorn running on http://0.0.0.0:8000 (Press CTRL+C to quit)
2025-04-21 20:00:30 - vlc-api - ERROR - Video file not found: string
2025-04-21 20:00:30 - vlc-api - ERROR - Video file not found: Video file not found: string
2025-04-21 20:05:15 - uvicorn.error - INFO - Shutting down
2025-04-21 20:05:15 - uvicorn.error - INFO - Waiting for application shutdown.
2025-04-21 20:05:15 - uvicorn.error - INFO - Application shutdown complete.
2025-04-21 20:05:15 - uvicorn.error - INFO - Finished server process [50863]
2025-04-21 20:25:47 - vlc-api - INFO - Starting in development mode
2025-04-21 20:25:47 - vlc-api - INFO - Debug mode is enabled
2025-04-21 20:25:47 - vlc-api - INFO - Starting in development mode
2025-04-21 20:25:47 - vlc-api - INFO - Debug mode is enabled
2025-04-21 20:26:13 - vlc-api - INFO - Starting in development mode
2025-04-21 20:26:13 - vlc-api - INFO - Debug mode is enabled
2025-04-21 20:26:13 - vlc-api - INFO - Starting in development mode
2025-04-21 20:26:13 - vlc-api - INFO - Debug mode is enabled
2025-04-21 20:26:13 - vlc-api - INFO - Starting VLC Player Control API on 0.0.0.0:8000
2025-04-21 20:26:13 - vlc-api - INFO - Default VLC command: /Applications/VLC.app/Contents/MacOS/VLC --intf dummy --no-osd --fullscreen --loop --no-video-title-show --no-sub-autodetect-file --quiet --drop-late-frames --skip-frames
2025-04-21 20:26:34 - vlc-api - INFO - Starting in development mode
2025-04-21 20:26:34 - vlc-api - INFO - Debug mode is enabled
2025-04-21 20:26:34 - vlc-api - INFO - Starting in development mode
2025-04-21 20:26:34 - vlc-api - INFO - Debug mode is enabled
2025-04-21 20:26:35 - vlc-api - INFO - Starting VLC Player Control API on 0.0.0.0:8000
2025-04-21 20:26:35 - vlc-api - INFO - Default VLC command: /Applications/VLC.app/Contents/MacOS/VLC --intf dummy --no-osd --fullscreen --loop --no-video-title-show --no-sub-autodetect-file --quiet --drop-late-frames --skip-frames
2025-04-21 20:28:05 - vlc-api - INFO - Starting in development mode
2025-04-21 20:28:05 - vlc-api - INFO - Debug mode is enabled
2025-04-21 20:28:05 - vlc-api - INFO - Starting in development mode
2025-04-21 20:28:05 - vlc-api - INFO - Debug mode is enabled
2025-04-21 20:28:05 - vlc-api - INFO - Starting VLC Player Control API on 0.0.0.0:8000
2025-04-21 20:28:05 - vlc-api - INFO - Default VLC command: /Applications/VLC.app/Contents/MacOS/VLC --intf dummy --no-osd --fullscreen --loop --no-video-title-show --no-sub-autodetect-file --quiet --drop-late-frames --skip-frames
2025-04-21 20:28:05 - asyncio - DEBUG - Using selector: KqueueSelector
2025-04-21 20:33:02 - vlc-api - INFO - Starting in development mode
2025-04-21 20:33:02 - vlc-api - INFO - Debug mode is enabled
2025-04-21 20:33:02 - vlc-api - INFO - Starting in development mode
2025-04-21 20:33:02 - vlc-api - INFO - Debug mode is enabled
2025-04-21 20:33:02 - vlc-api - INFO - Starting VLC Player Control API on 0.0.0.0:8000
2025-04-21 20:33:02 - vlc-api - INFO - Default VLC command: /Applications/VLC.app/Contents/MacOS/VLC --intf dummy --no-osd --fullscreen --loop --no-video-title-show --no-sub-autodetect-file --quiet --drop-late-frames --skip-frames
2025-04-21 20:33:02 - asyncio - DEBUG - Using selector: KqueueSelector
2025-04-21 20:36:28 - vlc-api - DEBUG - Built VLC command: /Applications/VLC.app/Contents/MacOS/VLC --intf dummy --no-osd --fullscreen --loop --no-video-title-show --no-sub-autodetect-file --quiet --drop-late-frames --skip-frames /Users/rlong/Sandbox/youtube/80s Montage.mp4
2025-04-21 20:36:28 - vlc-api - INFO - Starting VLC with command: /Applications/VLC.app/Contents/MacOS/VLC --intf dummy --no-osd --fullscreen --loop --no-video-title-show --no-sub-autodetect-file --quiet --drop-late-frames --skip-frames /Users/rlong/Sandbox/youtube/80s Montage.mp4
2025-04-21 20:36:28 - vlc-api - INFO - VLC process started with PID 2889
2025-04-21 20:39:31 - vlc-api - INFO - No VLC process to stop
2025-04-21 20:39:31 - vlc-api - DEBUG - Built VLC command: /Applications/VLC.app/Contents/MacOS/VLC --intf dummy --no-osd --fullscreen --loop --no-video-title-show --no-sub-autodetect-file --quiet --drop-late-frames --skip-frames /Users/rlong/Sandbox/youtube/80s Montage.mp4
2025-04-21 20:39:31 - vlc-api - INFO - Starting VLC with command: /Applications/VLC.app/Contents/MacOS/VLC --intf dummy --no-osd --fullscreen --loop --no-video-title-show --no-sub-autodetect-file --quiet --drop-late-frames --skip-frames /Users/rlong/Sandbox/youtube/80s Montage.mp4
2025-04-21 20:39:31 - vlc-api - INFO - VLC process started with PID 6551
2025-04-21 20:44:21 - vlc-api - INFO - Starting in development mode
2025-04-21 20:44:21 - vlc-api - INFO - Debug mode is enabled
2025-04-21 20:44:21 - vlc-api - INFO - Starting in development mode
2025-04-21 20:44:21 - vlc-api - INFO - Debug mode is enabled
2025-04-21 20:44:21 - vlc-api - INFO - Starting VLC Player Control API on 0.0.0.0:8000
2025-04-21 20:44:21 - vlc-api - INFO - Default VLC command: /Applications/VLC.app/Contents/MacOS/VLC --intf dummy --no-osd --fullscreen --loop --no-video-title-show --no-sub-autodetect-file --quiet --drop-late-frames --skip-frames
2025-04-21 20:44:21 - asyncio - DEBUG - Using selector: KqueueSelector
